<?xml version="1.0" encoding="UTF-8"?>
<!-- Generated by org.testng.reporters.JUnitReportReporter -->
<testsuite skipped="1" hostname="Sergueis-MBP-2" name="core.PrimeNumberCheckerTest" tests="1" failures="0" timestamp="2020-05-03T11:50:17 PDT" time="0.000" errors="0">
  <testcase name="test" time="0.000" classname="core.PrimeNumberCheckerTest">
    <skipped/>
  </testcase> <!-- test -->
  <system-out/>
</testsuite> <!-- core.PrimeNumberCheckerTest -->
