<?xml version="1.0" encoding="UTF-8"?>
<!-- Generated by org.testng.reporters.JUnitReportReporter -->
<testsuite skipped="0" hostname="Sergueis-MBP-2" name="core.CreditCardValidationTest" tests="16" failures="0" timestamp="2020-05-03T19:09:06 PDT" time="0.303" errors="0">
  <testcase name="type" time="0.002" classname="core.CreditCardValidationTest"/>
  <system-out/>
  <testcase name="exp" time="0.002" classname="core.CreditCardValidationTest"/>
  <system-out/>
  <testcase name="exp" time="0.005" classname="core.CreditCardValidationTest"/>
  <system-out/>
  <testcase name="cvv" time="0.003" classname="core.CreditCardValidationTest"/>
  <system-out/>
  <testcase name="luhn" time="0.003" classname="core.CreditCardValidationTest"/>
  <system-out/>
  <testcase name="exp" time="0.004" classname="core.CreditCardValidationTest"/>
  <system-out/>
  <testcase name="type" time="0.002" classname="core.CreditCardValidationTest"/>
  <system-out/>
  <testcase name="cvv" time="0.005" classname="core.CreditCardValidationTest"/>
  <system-out/>
  <testcase name="cvv" time="0.003" classname="core.CreditCardValidationTest"/>
  <system-out/>
  <testcase name="cvv" time="0.229" classname="core.CreditCardValidationTest"/>
  <system-out/>
  <testcase name="type" time="0.003" classname="core.CreditCardValidationTest"/>
  <system-out/>
  <testcase name="type" time="0.004" classname="core.CreditCardValidationTest"/>
  <system-out/>
  <testcase name="luhn" time="0.003" classname="core.CreditCardValidationTest"/>
  <system-out/>
  <testcase name="luhn" time="0.028" classname="core.CreditCardValidationTest"/>
  <system-out/>
  <testcase name="exp" time="0.002" classname="core.CreditCardValidationTest"/>
  <system-out/>
  <testcase name="luhn" time="0.005" classname="core.CreditCardValidationTest"/>
  <system-out/>
</testsuite> <!-- core.CreditCardValidationTest -->
