<?xml version="1.0" encoding="UTF-8"?>
<!-- Generated by org.testng.reporters.JUnitReportReporter -->
<testsuite skipped="0" hostname="Sergueis-MBP-2" name="core.PrimeNumberCheckerTestDR" tests="10" failures="0" timestamp="2020-05-03T17:24:27 PDT" time="0.159" errors="0">
  <testcase name="test" time="0.012" classname="core.PrimeNumberCheckerTestDR"/>
  <system-out/>
  <testcase name="test" time="0.003" classname="core.PrimeNumberCheckerTestDR"/>
  <system-out/>
  <testcase name="test" time="0.099" classname="core.PrimeNumberCheckerTestDR"/>
  <system-out/>
  <testcase name="test" time="0.009" classname="core.PrimeNumberCheckerTestDR"/>
  <system-out/>
  <testcase name="test" time="0.004" classname="core.PrimeNumberCheckerTestDR"/>
  <system-out/>
  <testcase name="test" time="0.002" classname="core.PrimeNumberCheckerTestDR"/>
  <system-out/>
  <testcase name="test" time="0.004" classname="core.PrimeNumberCheckerTestDR"/>
  <system-out/>
  <testcase name="test" time="0.009" classname="core.PrimeNumberCheckerTestDR"/>
  <system-out/>
  <testcase name="test" time="0.009" classname="core.PrimeNumberCheckerTestDR"/>
  <system-out/>
  <testcase name="test" time="0.008" classname="core.PrimeNumberCheckerTestDR"/>
  <system-out/>
</testsuite> <!-- core.PrimeNumberCheckerTestDR -->
